<?xml version="1.0" encoding="UTF-8"?>
<testsuite name="com.iov42.solutions.core.sdk.http.HttpClientUtilTest" tests="2" skipped="0" failures="0" errors="0" timestamp="2020-09-02T13:48:35" hostname="Fiips-MBP.iov42.com" time="1.292">
  <properties/>
  <testcase name="testGET()" classname="com.iov42.solutions.core.sdk.http.HttpClientUtilTest" time="0.921"/>
  <testcase name="testPOST()" classname="com.iov42.solutions.core.sdk.http.HttpClientUtilTest" time="0.37"/>
  <system-out><![CDATA[]]></system-out>
  <system-err><![CDATA[]]></system-err>
</testsuite>
